<?xml version="1.0" encoding="UTF-8"?>
<!-- Generated by org.testng.reporters.JUnitXMLReporter -->
<testsuite ignored="0" hostname="sahils-MacBook-Air.local" failures="0" tests="6" name="Default test" time="3.761" errors="0" timestamp="2025-06-03T16:36:28 CEST">
  <testcase classname="validaide.qa.website.tests.HomePageTest" name="clickLoginButtonTest" time="0.11"/>
  <testcase classname="validaide.qa.website.tests.HomePageTest" name="freeStartTrialButtonDisplayedTest" time="0.021"/>
  <testcase classname="validaide.qa.website.tests.HomePageTest" name="homePageTitleTest" time="0.008"/>
  <testcase classname="validaide.qa.website.tests.HomePageTest" name="loginButtonDisplayedTest" time="0.017"/>
  <testcase classname="validaide.qa.website.tests.HomePageTest" name="logoDisplayedTest" time="0.016"/>
  <testcase classname="validaide.qa.website.tests.HomePageTest" name="clickStartFreeTrialButtonTest" time="0.039"/>
</testsuite> <!-- Default test -->
