<?xml version="1.0" encoding="UTF-8"?>
<testng-results ignored="0" total="6" passed="6" failed="0" skipped="0">
  <reporter-output>
  </reporter-output>
  <suite started-at="2025-06-03T16:36:24 CEST" name="Default suite" finished-at="2025-06-03T16:36:28 CEST" duration-ms="3761">
    <groups>
    </groups>
    <test started-at="2025-06-03T16:36:24 CEST" name="Default test" finished-at="2025-06-03T16:36:28 CEST" duration-ms="3761">
      <class name="validaide.qa.website.tests.HomePageTest">
        <test-method is-config="true" signature="setup()[pri:0, instance:validaide.qa.website.tests.HomePageTest@6e9175d8]" started-at="2025-06-03T16:36:24 CEST" name="setup" finished-at="2025-06-03T16:36:28 CEST" duration-ms="3505" status="PASS">
          <reporter-output>
          </reporter-output>
        </test-method> <!-- setup -->
        <test-method signature="clickLoginButtonTest()[pri:0, instance:validaide.qa.website.tests.HomePageTest@6e9175d8]" started-at="2025-06-03T16:36:28 CEST" name="clickLoginButtonTest" finished-at="2025-06-03T16:36:28 CEST" duration-ms="110" status="PASS">
          <reporter-output>
          </reporter-output>
        </test-method> <!-- clickLoginButtonTest -->
        <test-method signature="freeStartTrialButtonDisplayedTest()[pri:0, instance:validaide.qa.website.tests.HomePageTest@6e9175d8]" started-at="2025-06-03T16:36:28 CEST" name="freeStartTrialButtonDisplayedTest" finished-at="2025-06-03T16:36:28 CEST" duration-ms="21" status="PASS">
          <reporter-output>
          </reporter-output>
        </test-method> <!-- freeStartTrialButtonDisplayedTest -->
        <test-method signature="homePageTitleTest()[pri:0, instance:validaide.qa.website.tests.HomePageTest@6e9175d8]" started-at="2025-06-03T16:36:28 CEST" name="homePageTitleTest" finished-at="2025-06-03T16:36:28 CEST" duration-ms="8" status="PASS">
          <reporter-output>
          </reporter-output>
        </test-method> <!-- homePageTitleTest -->
        <test-method signature="loginButtonDisplayedTest()[pri:0, instance:validaide.qa.website.tests.HomePageTest@6e9175d8]" started-at="2025-06-03T16:36:28 CEST" name="loginButtonDisplayedTest" finished-at="2025-06-03T16:36:28 CEST" duration-ms="17" status="PASS">
          <reporter-output>
          </reporter-output>
        </test-method> <!-- loginButtonDisplayedTest -->
        <test-method signature="logoDisplayedTest()[pri:0, instance:validaide.qa.website.tests.HomePageTest@6e9175d8]" started-at="2025-06-03T16:36:28 CEST" name="logoDisplayedTest" finished-at="2025-06-03T16:36:28 CEST" duration-ms="16" status="PASS">
          <reporter-output>
          </reporter-output>
        </test-method> <!-- logoDisplayedTest -->
        <test-method signature="clickStartFreeTrialButtonTest()[pri:1, instance:validaide.qa.website.tests.HomePageTest@6e9175d8]" started-at="2025-06-03T16:36:28 CEST" name="clickStartFreeTrialButtonTest" finished-at="2025-06-03T16:36:28 CEST" duration-ms="39" status="PASS">
          <reporter-output>
          </reporter-output>
        </test-method> <!-- clickStartFreeTrialButtonTest -->
      </class> <!-- validaide.qa.website.tests.HomePageTest -->
    </test> <!-- Default test -->
  </suite> <!-- Default suite -->
</testng-results>
